OUT: -------------------------------------------------------------------------------
OUT: TEST BUILD: /home/dwayne/work/oss/scala-tools/vscaladoc/src/it/empty/pom.xml
OUT: Goals: clean site
OUT: -------------------------------------------------------------------------------
OUT: Could not load definitions from resource org/apache/tools/ant/antlib.xml. It could not be found.
OUT: Executing '/home/dwayne/bin/soft-linux/jdk-1.6.0_12/jre/bin/java' with arguments:
'-Dclassworlds.conf=/home/dwayne/bin/soft-java/apache-maven-2.0.9/bin/m2.conf'
'-Dmaven.home=/home/dwayne/bin/soft-java/apache-maven-2.0.9'
'-classpath'
'/home/dwayne/bin/soft-java/apache-maven-2.0.9/boot/classworlds-1.1.jar'
'org.codehaus.classworlds.Launcher'
'--file'
'/home/dwayne/work/oss/scala-tools/vscaladoc/src/it/empty/pom.xml'
'--batch-mode'
'--errors'
'clean'
'site'

The ' characters around the executable and arguments are
not part of the command.OUT: 
OUT: + Error stacktraces are turned on.
OUT: [INFO] Scanning for projects...
OUT: [INFO] ------------------------------------------------------------------------
OUT: [INFO] Building Unnamed - itest.demo:vscaladoc-demo1:jar:testing
OUT: [INFO]    task-segment: [clean, site]
OUT: [INFO] ------------------------------------------------------------------------
OUT: [INFO] [clean:clean]
OUT: [INFO] [site:site]
OUT: [WARNING] No URL defined for the project - decoration links will not be resolved
OUT: [INFO] Generating "ScalaDocs" report.
OUT: [INFO] Checking for multiple versions of scala
OUT: [INFO] Checking:org.scala-lang:scala-library:jar:2.7.3:compile to see if it's a mutliple of the scala-lib
OUT: [INFO] org.scala-lang:scala-library:jar:2.7.3:compile has 0 transitive dependencies
OUT: [INFO] delete :/home/dwayne/work/oss/scala-tools/vscaladoc/src/it/empty/target/site/scaladocs
OUT: [INFO] Generating "Plugin Management" report.
OUT: [INFO] Generating "Mailing Lists" report.
OUT: [INFO] Generating "Continuous Integration" report.
OUT: [INFO] Generating "Project License" report.
OUT: [INFO] Generating "Project Team" report.
OUT: [INFO] Generating "Source Repository" report.
OUT: [INFO] Generating "About" report.
OUT: [INFO] Generating "Issue Tracking" report.
OUT: [INFO] Generating "Project Summary" report.
OUT: [INFO] Generating "Project Plugins" report.
OUT: [INFO] Generating "Dependencies" report.
OUT: [INFO] ------------------------------------------------------------------------
OUT: [INFO] BUILD SUCCESSFUL
OUT: [INFO] ------------------------------------------------------------------------
OUT: [INFO] Total time: 12 seconds
OUT: [INFO] Finished at: Tue Feb 24 12:05:29 CET 2009
OUT: [INFO] Final Memory: 27M/130M
OUT: [INFO] ------------------------------------------------------------------------
OUT: -------------------------------------------------------------------------------
OUT: Project base dir set to: /home/dwayne/work/oss/scala-tools/vscaladoc/src/it/empty
OUT: -------------------------------------------------------------------------------
OUT: SCRIPT (validate): /home/dwayne/work/oss/scala-tools/vscaladoc/src/it/empty/validate.groovy
OUT: -------------------------------------------------------------------------------
OUT: SUCCESS
OUT: -------------------------------------------------------------------------------
